<?xml version="1.0" encoding="UTF-8"?>
<!-- Generated by org.testng.reporters.JUnitXMLReporter -->
<testsuite hostname="hfuopen398.hfu-open.fu.hs-furtwangen.de" name="Command line test" tests="1" failures="1" timestamp="24 Nov 2011 17:16:56 GMT" time="0.034" errors="0">
  <testcase name="testCidr" time="0.016" classname="com.xcellent.challenge.CIDIRTest">
    <failure type="java.lang.AssertionError" message="expected:&amp;lt;127.0.0.1&amp;gt; but was:&amp;lt;127.0.0.1/8&amp;gt;">
      <![CDATA[java.lang.AssertionError: expected:<127.0.0.1> but was:<127.0.0.1/8>
	at com.xcellent.challenge.CIDIRTest.testCidr(CIDIRTest.java:25)
	at org.apache.maven.surefire.testng.TestNGExecutor.run(TestNGExecutor.java:60)
	at org.apache.maven.surefire.testng.TestNGDirectoryTestSuite.execute(TestNGDirectoryTestSuite.java:106)
	at org.apache.maven.surefire.testng.TestNGProvider.invoke(TestNGProvider.java:111)
	at org.apache.maven.surefire.booter.ProviderFactory$ClassLoaderProxy.invoke(ProviderFactory.java:103)
	at $Proxy0.invoke(Unknown Source)
	at org.apache.maven.surefire.booter.SurefireStarter.invokeProvider(SurefireStarter.java:150)
	at org.apache.maven.surefire.booter.SurefireStarter.runSuitesInProcess(SurefireStarter.java:91)
	at org.apache.maven.surefire.booter.ForkedBooter.main(ForkedBooter.java:69)
... Removed 29 stack frames]]>
    </failure>
  </testcase>
</testsuite>
