<?xml version="1.0" encoding="UTF-8"?>
<testng-results skipped="0" failed="0" total="1" passed="1">
  <reporter-output>
  </reporter-output>
  <suite name="Command line suite" duration-ms="29" started-at="2011-11-24T20:21:12Z" finished-at="2011-11-24T20:21:12Z">
    <groups>
    </groups>
    <test name="Command line test" duration-ms="29" started-at="2011-11-24T20:21:12Z" finished-at="2011-11-24T20:21:12Z">
      <class name="com.xcellent.challenge.CIDIRTest">
        <test-method status="PASS" signature="testCidr()[pri:0, instance:com.xcellent.challenge.CIDIRTest@28bb0d0d]" name="testCidr" duration-ms="15" started-at="2011-11-24T20:21:12Z" finished-at="2011-11-24T20:21:12Z">
        </test-method>
      </class>
    </test>
  </suite>
</testng-results>
